# JRE version: Java(TM) SE Runtime Environment (8.0_241-b07) (build 1.8.0_241-b07)
# Java VM: Java HotSpot(TM) 64-Bit Server VM (25.241-b07 mixed mode windows-amd64 compressed oops)
Heap:
 PSYoungGen      total 365056K, used 177226K [0x00000000d5f00000, 0x00000000ee580000, 0x0000000100000000)
  eden space 351744K, 49% used [0x00000000d5f00000,0x00000000e09a8028,0x00000000eb680000)
  from space 13312K, 18% used [0x00000000ed880000,0x00000000edaea8c0,0x00000000ee580000)
  to   space 24064K, 0% used [0x00000000eb680000,0x00000000eb680000,0x00000000ece00000)
 ParOldGen       total 120832K, used 36741K [0x0000000081c00000, 0x0000000089200000, 0x00000000d5f00000)
  object space 120832K, 30% used [0x0000000081c00000,0x0000000083fe16a0,0x0000000089200000)
 Metaspace       used 74864K, capacity 78066K, committed 78376K, reserved 1116160K
  class space    used 10109K, capacity 10694K, committed 10792K, reserved 1048576K
GC Heap History (10 events):
Event: 17.111 GC heap before
{Heap before GC invocations=13 (full 2):
 PSYoungGen      total 231424K, used 229210K [0x00000000d5f00000, 0x00000000e5200000, 0x0000000100000000)
  eden space 220160K, 100% used [0x00000000d5f00000,0x00000000e3600000,0x00000000e3600000)
  from space 11264K, 80% used [0x00000000e4700000,0x00000000e4fd6980,0x00000000e5200000)
  to   space 14336K, 0% used [0x00000000e3600000,0x00000000e3600000,0x00000000e4400000)
 ParOldGen       total 83456K, used 14024K [0x0000000081c00000, 0x0000000086d80000, 0x00000000d5f00000)
  object space 83456K, 16% used [0x0000000081c00000,0x00000000829b20e0,0x0000000086d80000)
 Metaspace       used 55453K, capacity 57740K, committed 58024K, reserved 1099776K
  class space    used 7574K, capacity 8003K, committed 8104K, reserved 1048576K
Event: 17.149 GC heap after
Heap after GC invocations=13 (full 2):
 PSYoungGen      total 234496K, used 14323K [0x00000000d5f00000, 0x00000000e9d80000, 0x0000000100000000)
  eden space 220160K, 0% used [0x00000000d5f00000,0x00000000d5f00000,0x00000000e3600000)
  from space 14336K, 99% used [0x00000000e3600000,0x00000000e43fcef0,0x00000000e4400000)
  to   space 20480K, 0% used [0x00000000e8980000,0x00000000e8980000,0x00000000e9d80000)
 ParOldGen       total 83456K, used 26120K [0x0000000081c00000, 0x0000000086d80000, 0x00000000d5f00000)
  object space 83456K, 31% used [0x0000000081c00000,0x0000000083582340,0x0000000086d80000)
 Metaspace       used 55453K, capacity 57740K, committed 58024K, reserved 1099776K
  class space    used 7574K, capacity 8003K, committed 8104K, reserved 1048576K
}
Event: 17.559 GC heap before
{Heap before GC invocations=14 (full 2):
 PSYoungGen      total 234496K, used 39969K [0x00000000d5f00000, 0x00000000e9d80000, 0x0000000100000000)
  eden space 220160K, 11% used [0x00000000d5f00000,0x00000000d780b550,0x00000000e3600000)
  from space 14336K, 99% used [0x00000000e3600000,0x00000000e43fcef0,0x00000000e4400000)
  to   space 20480K, 0% used [0x00000000e8980000,0x00000000e8980000,0x00000000e9d80000)
 ParOldGen       total 83456K, used 26120K [0x0000000081c00000, 0x0000000086d80000, 0x00000000d5f00000)
  object space 83456K, 31% used [0x0000000081c00000,0x0000000083582340,0x0000000086d80000)
 Metaspace       used 56643K, capacity 59070K, committed 59160K, reserved 1099776K
  class space    used 7741K, capacity 8204K, committed 8232K, reserved 1048576K
Event: 17.577 GC heap after
Heap after GC invocations=14 (full 2):
 PSYoungGen      total 305664K, used 2210K [0x00000000d5f00000, 0x00000000ea980000, 0x0000000100000000)
  eden space 285184K, 0% used [0x00000000d5f00000,0x00000000d5f00000,0x00000000e7580000)
  from space 20480K, 10% used [0x00000000e8980000,0x00000000e8ba8ac8,0x00000000e9d80000)
  to   space 20480K, 0% used [0x00000000e7580000,0x00000000e7580000,0x00000000e8980000)
 ParOldGen       total 83456K, used 34423K [0x0000000081c00000, 0x0000000086d80000, 0x00000000d5f00000)
  object space 83456K, 41% used [0x0000000081c00000,0x0000000083d9dc00,0x0000000086d80000)
 Metaspace       used 56643K, capacity 59070K, committed 59160K, reserved 1099776K
  class space    used 7741K, capacity 8204K, committed 8232K, reserved 1048576K
}
Event: 17.577 GC heap before
{Heap before GC invocations=15 (full 3):
 PSYoungGen      total 305664K, used 2210K [0x00000000d5f00000, 0x00000000ea980000, 0x0000000100000000)
  eden space 285184K, 0% used [0x00000000d5f00000,0x00000000d5f00000,0x00000000e7580000)
  from space 20480K, 10% used [0x00000000e8980000,0x00000000e8ba8ac8,0x00000000e9d80000)
  to   space 20480K, 0% used [0x00000000e7580000,0x00000000e7580000,0x00000000e8980000)
 ParOldGen       total 83456K, used 34423K [0x0000000081c00000, 0x0000000086d80000, 0x00000000d5f00000)
  object space 83456K, 41% used [0x0000000081c00000,0x0000000083d9dc00,0x0000000086d80000)
 Metaspace       used 56643K, capacity 59070K, committed 59160K, reserved 1099776K
  class space    used 7741K, capacity 8204K, committed 8232K, reserved 1048576K
Event: 17.852 GC heap after
Heap after GC invocations=15 (full 3):
 PSYoungGen      total 305664K, used 0K [0x00000000d5f00000, 0x00000000ea980000, 0x0000000100000000)
  eden space 285184K, 0% used [0x00000000d5f00000,0x00000000d5f00000,0x00000000e7580000)
  from space 20480K, 0% used [0x00000000e8980000,0x00000000e8980000,0x00000000e9d80000)
  to   space 20480K, 0% used [0x00000000e7580000,0x00000000e7580000,0x00000000e8980000)
 ParOldGen       total 120832K, used 27353K [0x0000000081c00000, 0x0000000089200000, 0x00000000d5f00000)
  object space 120832K, 22% used [0x0000000081c00000,0x00000000836b6530,0x0000000089200000)
 Metaspace       used 56643K, capacity 59070K, committed 59160K, reserved 1099776K
  class space    used 7741K, capacity 8204K, committed 8232K, reserved 1048576K
}
Event: 254.128 GC heap before
{Heap before GC invocations=16 (full 3):
 PSYoungGen      total 305664K, used 285184K [0x00000000d5f00000, 0x00000000ea980000, 0x0000000100000000)
  eden space 285184K, 100% used [0x00000000d5f00000,0x00000000e7580000,0x00000000e7580000)
  from space 20480K, 0% used [0x00000000e8980000,0x00000000e8980000,0x00000000e9d80000)
  to   space 20480K, 0% used [0x00000000e7580000,0x00000000e7580000,0x00000000e8980000)
 ParOldGen       total 120832K, used 27353K [0x0000000081c00000, 0x0000000089200000, 0x00000000d5f00000)
  object space 120832K, 22% used [0x0000000081c00000,0x00000000836b6530,0x0000000089200000)
 Metaspace       used 72387K, capacity 75524K, committed 75688K, reserved 1114112K
  class space    used 10005K, capacity 10561K, committed 10664K, reserved 1048576K
Event: 254.161 GC heap after
Heap after GC invocations=16 (full 3):
 PSYoungGen      total 305664K, used 20477K [0x00000000d5f00000, 0x00000000ef000000, 0x0000000100000000)
  eden space 285184K, 0% used [0x00000000d5f00000,0x00000000d5f00000,0x00000000e7580000)
  from space 20480K, 99% used [0x00000000e7580000,0x00000000e897f738,0x00000000e8980000)
  to   space 24064K, 0% used [0x00000000ed880000,0x00000000ed880000,0x00000000ef000000)
 ParOldGen       total 120832K, used 27732K [0x0000000081c00000, 0x0000000089200000, 0x00000000d5f00000)
  object space 120832K, 22% used [0x0000000081c00000,0x0000000083715228,0x0000000089200000)
 Metaspace       used 72387K, capacity 75524K, committed 75688K, reserved 1114112K
  class space    used 10005K, capacity 10561K, committed 10664K, reserved 1048576K
}
Event: 5530.494 GC heap before
{Heap before GC invocations=17 (full 3):
 PSYoungGen      total 305664K, used 305661K [0x00000000d5f00000, 0x00000000ef000000, 0x0000000100000000)
  eden space 285184K, 100% used [0x00000000d5f00000,0x00000000e7580000,0x00000000e7580000)
  from space 20480K, 99% used [0x00000000e7580000,0x00000000e897f738,0x00000000e8980000)
  to   space 24064K, 0% used [0x00000000ed880000,0x00000000ed880000,0x00000000ef000000)
 ParOldGen       total 120832K, used 27732K [0x0000000081c00000, 0x0000000089200000, 0x00000000d5f00000)
  object space 120832K, 22% used [0x0000000081c00000,0x0000000083715228,0x0000000089200000)
 Metaspace       used 74424K, capacity 77666K, committed 77864K, reserved 1116160K
  class space    used 10103K, capacity 10694K, committed 10792K, reserved 1048576K
Event: 5539.918 GC heap after
Heap after GC invocations=17 (full 3):
 PSYoungGen      total 365056K, used 2474K [0x00000000d5f00000, 0x00000000ee580000, 0x0000000100000000)
  eden space 351744K, 0% used [0x00000000d5f00000,0x00000000d5f00000,0x00000000eb680000)
  from space 13312K, 18% used [0x00000000ed880000,0x00000000edaea8c0,0x00000000ee580000)
  to   space 24064K, 0% used [0x00000000eb680000,0x00000000eb680000,0x00000000ece00000)
 ParOldGen       total 120832K, used 36741K [0x0000000081c00000, 0x0000000089200000, 0x00000000d5f00000)
  object space 120832K, 30% used [0x0000000081c00000,0x0000000083fe16a0,0x0000000089200000)
 Metaspace       used 74424K, capacity 77666K, committed 77864K, reserved 1116160K
  class space    used 10103K, capacity 10694K, committed 10792K, reserved 1048576K
}

