# JRE version: Java(TM) SE Runtime Environment (8.0_241-b07) (build 1.8.0_241-b07)
# Java VM: Java HotSpot(TM) 64-Bit Server VM (25.241-b07 mixed mode windows-amd64 compressed oops)
Heap:
 PSYoungGen      total 307712K, used 273988K [0x00000000d5f00000, 0x00000000ef400000, 0x0000000100000000)
  eden space 289792K, 94% used [0x00000000d5f00000,0x00000000e6a91088,0x00000000e7a00000)
  from space 17920K, 0% used [0x00000000e7a00000,0x00000000e7a00000,0x00000000e8b80000)
  to   space 16896K, 0% used [0x00000000ee380000,0x00000000ee380000,0x00000000ef400000)
 ParOldGen       total 116224K, used 27842K [0x0000000081c00000, 0x0000000088d80000, 0x00000000d5f00000)
  object space 116224K, 23% used [0x0000000081c00000,0x0000000083730bb8,0x0000000088d80000)
 Metaspace       used 70366K, capacity 73740K, committed 73856K, reserved 1112064K
  class space    used 9732K, capacity 10297K, committed 10368K, reserved 1048576K
GC Heap History (10 events):
Event: 8.201 GC heap before
{Heap before GC invocations=10 (full 1):
 PSYoungGen      total 227328K, used 63474K [0x00000000d5f00000, 0x00000000e4e00000, 0x0000000100000000)
  eden space 216576K, 24% used [0x00000000d5f00000,0x00000000d9281930,0x00000000e3280000)
  from space 10752K, 99% used [0x00000000e4380000,0x00000000e4dfb130,0x00000000e4e00000)
  to   space 13312K, 0% used [0x00000000e3400000,0x00000000e3400000,0x00000000e4100000)
 ParOldGen       total 54272K, used 8259K [0x0000000081c00000, 0x0000000085100000, 0x00000000d5f00000)
  object space 54272K, 15% used [0x0000000081c00000,0x0000000082410f20,0x0000000085100000)
 Metaspace       used 33623K, capacity 35416K, committed 35496K, reserved 1079296K
  class space    used 4507K, capacity 4839K, committed 4864K, reserved 1048576K
Event: 8.214 GC heap after
Heap after GC invocations=10 (full 1):
 PSYoungGen      total 231424K, used 9549K [0x00000000d5f00000, 0x00000000e9a80000, 0x0000000100000000)
  eden space 218112K, 0% used [0x00000000d5f00000,0x00000000d5f00000,0x00000000e3400000)
  from space 13312K, 71% used [0x00000000e3400000,0x00000000e3d53458,0x00000000e4100000)
  to   space 13312K, 0% used [0x00000000e8d80000,0x00000000e8d80000,0x00000000e9a80000)
 ParOldGen       total 54272K, used 8267K [0x0000000081c00000, 0x0000000085100000, 0x00000000d5f00000)
  object space 54272K, 15% used [0x0000000081c00000,0x0000000082412f20,0x0000000085100000)
 Metaspace       used 33623K, capacity 35416K, committed 35496K, reserved 1079296K
  class space    used 4507K, capacity 4839K, committed 4864K, reserved 1048576K
}
Event: 8.214 GC heap before
{Heap before GC invocations=11 (full 2):
 PSYoungGen      total 231424K, used 9549K [0x00000000d5f00000, 0x00000000e9a80000, 0x0000000100000000)
  eden space 218112K, 0% used [0x00000000d5f00000,0x00000000d5f00000,0x00000000e3400000)
  from space 13312K, 71% used [0x00000000e3400000,0x00000000e3d53458,0x00000000e4100000)
  to   space 13312K, 0% used [0x00000000e8d80000,0x00000000e8d80000,0x00000000e9a80000)
 ParOldGen       total 54272K, used 8267K [0x0000000081c00000, 0x0000000085100000, 0x00000000d5f00000)
  object space 54272K, 15% used [0x0000000081c00000,0x0000000082412f20,0x0000000085100000)
 Metaspace       used 33623K, capacity 35416K, committed 35496K, reserved 1079296K
  class space    used 4507K, capacity 4839K, committed 4864K, reserved 1048576K
Event: 8.298 GC heap after
Heap after GC invocations=11 (full 2):
 PSYoungGen      total 231424K, used 0K [0x00000000d5f00000, 0x00000000e9a80000, 0x0000000100000000)
  eden space 218112K, 0% used [0x00000000d5f00000,0x00000000d5f00000,0x00000000e3400000)
  from space 13312K, 0% used [0x00000000e3400000,0x00000000e3400000,0x00000000e4100000)
  to   space 13312K, 0% used [0x00000000e8d80000,0x00000000e8d80000,0x00000000e9a80000)
 ParOldGen       total 78848K, used 13513K [0x0000000081c00000, 0x0000000086900000, 0x00000000d5f00000)
  object space 78848K, 17% used [0x0000000081c00000,0x0000000082932730,0x0000000086900000)
 Metaspace       used 33623K, capacity 35416K, committed 35496K, reserved 1079296K
  class space    used 4507K, capacity 4839K, committed 4864K, reserved 1048576K
}
Event: 15.248 GC heap before
{Heap before GC invocations=12 (full 2):
 PSYoungGen      total 231424K, used 218112K [0x00000000d5f00000, 0x00000000e9a80000, 0x0000000100000000)
  eden space 218112K, 100% used [0x00000000d5f00000,0x00000000e3400000,0x00000000e3400000)
  from space 13312K, 0% used [0x00000000e3400000,0x00000000e3400000,0x00000000e4100000)
  to   space 13312K, 0% used [0x00000000e8d80000,0x00000000e8d80000,0x00000000e9a80000)
 ParOldGen       total 78848K, used 13513K [0x0000000081c00000, 0x0000000086900000, 0x00000000d5f00000)
  object space 78848K, 17% used [0x0000000081c00000,0x0000000082932730,0x0000000086900000)
 Metaspace       used 49670K, capacity 51798K, committed 52096K, reserved 1093632K
  class space    used 6827K, capacity 7252K, committed 7296K, reserved 1048576K
Event: 15.272 GC heap after
Heap after GC invocations=12 (full 2):
 PSYoungGen      total 303104K, used 13300K [0x00000000d5f00000, 0x00000000e9d00000, 0x0000000100000000)
  eden space 289792K, 0% used [0x00000000d5f00000,0x00000000d5f00000,0x00000000e7a00000)
  from space 13312K, 99% used [0x00000000e8d80000,0x00000000e9a7d1a8,0x00000000e9a80000)
  to   space 17920K, 0% used [0x00000000e7a00000,0x00000000e7a00000,0x00000000e8b80000)
 ParOldGen       total 78848K, used 20499K [0x0000000081c00000, 0x0000000086900000, 0x00000000d5f00000)
  object space 78848K, 25% used [0x0000000081c00000,0x0000000083004d38,0x0000000086900000)
 Metaspace       used 49670K, capacity 51798K, committed 52096K, reserved 1093632K
  class space    used 6827K, capacity 7252K, committed 7296K, reserved 1048576K
}
Event: 17.512 GC heap before
{Heap before GC invocations=13 (full 2):
 PSYoungGen      total 303104K, used 86033K [0x00000000d5f00000, 0x00000000e9d00000, 0x0000000100000000)
  eden space 289792K, 25% used [0x00000000d5f00000,0x00000000da607570,0x00000000e7a00000)
  from space 13312K, 99% used [0x00000000e8d80000,0x00000000e9a7d1a8,0x00000000e9a80000)
  to   space 17920K, 0% used [0x00000000e7a00000,0x00000000e7a00000,0x00000000e8b80000)
 ParOldGen       total 78848K, used 20499K [0x0000000081c00000, 0x0000000086900000, 0x00000000d5f00000)
  object space 78848K, 25% used [0x0000000081c00000,0x0000000083004d38,0x0000000086900000)
 Metaspace       used 56439K, capacity 59130K, committed 59160K, reserved 1099776K
  class space    used 7833K, capacity 8318K, committed 8320K, reserved 1048576K
Event: 17.541 GC heap after
Heap after GC invocations=13 (full 2):
 PSYoungGen      total 307712K, used 8527K [0x00000000d5f00000, 0x00000000ef400000, 0x0000000100000000)
  eden space 289792K, 0% used [0x00000000d5f00000,0x00000000d5f00000,0x00000000e7a00000)
  from space 17920K, 47% used [0x00000000e7a00000,0x00000000e8253ea8,0x00000000e8b80000)
  to   space 16896K, 0% used [0x00000000ee380000,0x00000000ee380000,0x00000000ef400000)
 ParOldGen       total 78848K, used 29101K [0x0000000081c00000, 0x0000000086900000, 0x00000000d5f00000)
  object space 78848K, 36% used [0x0000000081c00000,0x000000008386b4b0,0x0000000086900000)
 Metaspace       used 56439K, capacity 59130K, committed 59160K, reserved 1099776K
  class space    used 7833K, capacity 8318K, committed 8320K, reserved 1048576K
}
Event: 17.541 GC heap before
{Heap before GC invocations=14 (full 3):
 PSYoungGen      total 307712K, used 8527K [0x00000000d5f00000, 0x00000000ef400000, 0x0000000100000000)
  eden space 289792K, 0% used [0x00000000d5f00000,0x00000000d5f00000,0x00000000e7a00000)
  from space 17920K, 47% used [0x00000000e7a00000,0x00000000e8253ea8,0x00000000e8b80000)
  to   space 16896K, 0% used [0x00000000ee380000,0x00000000ee380000,0x00000000ef400000)
 ParOldGen       total 78848K, used 29101K [0x0000000081c00000, 0x0000000086900000, 0x00000000d5f00000)
  object space 78848K, 36% used [0x0000000081c00000,0x000000008386b4b0,0x0000000086900000)
 Metaspace       used 56439K, capacity 59130K, committed 59160K, reserved 1099776K
  class space    used 7833K, capacity 8318K, committed 8320K, reserved 1048576K
Event: 17.773 GC heap after
Heap after GC invocations=14 (full 3):
 PSYoungGen      total 307712K, used 0K [0x00000000d5f00000, 0x00000000ef400000, 0x0000000100000000)
  eden space 289792K, 0% used [0x00000000d5f00000,0x00000000d5f00000,0x00000000e7a00000)
  from space 17920K, 0% used [0x00000000e7a00000,0x00000000e7a00000,0x00000000e8b80000)
  to   space 16896K, 0% used [0x00000000ee380000,0x00000000ee380000,0x00000000ef400000)
 ParOldGen       total 116224K, used 27842K [0x0000000081c00000, 0x0000000088d80000, 0x00000000d5f00000)
  object space 116224K, 23% used [0x0000000081c00000,0x0000000083730bb8,0x0000000088d80000)
 Metaspace       used 56439K, capacity 59130K, committed 59160K, reserved 1099776K
  class space    used 7833K, capacity 8318K, committed 8320K, reserved 1048576K
}

