# JRE version: Java(TM) SE Runtime Environment (8.0_241-b07) (build 1.8.0_241-b07)
# Java VM: Java HotSpot(TM) 64-Bit Server VM (25.241-b07 mixed mode windows-amd64 compressed oops)
Heap:
 PSYoungGen      total 377344K, used 118502K [0x00000000d5f00000, 0x00000000f1a80000, 0x0000000100000000)
  eden space 363008K, 29% used [0x00000000d5f00000,0x00000000dc7b4530,0x00000000ec180000)
  from space 14336K, 78% used [0x00000000ed300000,0x00000000ede05508,0x00000000ee100000)
  to   space 17920K, 0% used [0x00000000ec180000,0x00000000ec180000,0x00000000ed300000)
 ParOldGen       total 120320K, used 24717K [0x0000000081c00000, 0x0000000089180000, 0x00000000d5f00000)
  object space 120320K, 20% used [0x0000000081c00000,0x0000000083423720,0x0000000089180000)
 Metaspace       used 70805K, capacity 74352K, committed 74496K, reserved 1114112K
  class space    used 9648K, capacity 10220K, committed 10240K, reserved 1048576K
GC Heap History (10 events):
Event: 11.723 GC heap before
{Heap before GC invocations=14 (full 3):
 PSYoungGen      total 308224K, used 9370K [0x00000000d5f00000, 0x00000000ef100000, 0x0000000100000000)
  eden space 290816K, 0% used [0x00000000d5f00000,0x00000000d5f00000,0x00000000e7b00000)
  from space 17408K, 53% used [0x00000000e7b00000,0x00000000e8426a20,0x00000000e8c00000)
  to   space 16896K, 0% used [0x00000000ee080000,0x00000000ee080000,0x00000000ef100000)
 ParOldGen       total 79872K, used 28670K [0x0000000081c00000, 0x0000000086a00000, 0x00000000d5f00000)
  object space 79872K, 35% used [0x0000000081c00000,0x00000000837ff8a8,0x0000000086a00000)
 Metaspace       used 56380K, capacity 59098K, committed 59160K, reserved 1099776K
  class space    used 7817K, capacity 8300K, committed 8320K, reserved 1048576K
Event: 11.977 GC heap after
Heap after GC invocations=14 (full 3):
 PSYoungGen      total 308224K, used 0K [0x00000000d5f00000, 0x00000000ef100000, 0x0000000100000000)
  eden space 290816K, 0% used [0x00000000d5f00000,0x00000000d5f00000,0x00000000e7b00000)
  from space 17408K, 0% used [0x00000000e7b00000,0x00000000e7b00000,0x00000000e8c00000)
  to   space 16896K, 0% used [0x00000000ee080000,0x00000000ee080000,0x00000000ef100000)
 ParOldGen       total 120320K, used 28650K [0x0000000081c00000, 0x0000000089180000, 0x00000000d5f00000)
  object space 120320K, 23% used [0x0000000081c00000,0x00000000837faa30,0x0000000089180000)
 Metaspace       used 56376K, capacity 59092K, committed 59160K, reserved 1099776K
  class space    used 7817K, capacity 8299K, committed 8320K, reserved 1048576K
}
Event: 2227.842 GC heap before
{Heap before GC invocations=15 (full 3):
 PSYoungGen      total 308224K, used 290816K [0x00000000d5f00000, 0x00000000ef100000, 0x0000000100000000)
  eden space 290816K, 100% used [0x00000000d5f00000,0x00000000e7b00000,0x00000000e7b00000)
  from space 17408K, 0% used [0x00000000e7b00000,0x00000000e7b00000,0x00000000e8c00000)
  to   space 16896K, 0% used [0x00000000ee080000,0x00000000ee080000,0x00000000ef100000)
 ParOldGen       total 120320K, used 28650K [0x0000000081c00000, 0x0000000089180000, 0x00000000d5f00000)
  object space 120320K, 23% used [0x0000000081c00000,0x00000000837faa30,0x0000000089180000)
 Metaspace       used 67711K, capacity 70880K, committed 70912K, reserved 1110016K
  class space    used 9400K, capacity 9959K, committed 9984K, reserved 1048576K
Event: 2232.576 GC heap after
Heap after GC invocations=15 (full 3):
 PSYoungGen      total 369664K, used 14875K [0x00000000d5f00000, 0x00000000eef80000, 0x0000000100000000)
  eden space 354304K, 0% used [0x00000000d5f00000,0x00000000d5f00000,0x00000000eb900000)
  from space 15360K, 96% used [0x00000000ee080000,0x00000000eef06fa0,0x00000000eef80000)
  to   space 18432K, 0% used [0x00000000ecb80000,0x00000000ecb80000,0x00000000edd80000)
 ParOldGen       total 120320K, used 28658K [0x0000000081c00000, 0x0000000089180000, 0x00000000d5f00000)
  object space 120320K, 23% used [0x0000000081c00000,0x00000000837fca30,0x0000000089180000)
 Metaspace       used 67711K, capacity 70880K, committed 70912K, reserved 1110016K
  class space    used 9400K, capacity 9959K, committed 9984K, reserved 1048576K
}
Event: 3500.044 GC heap before
{Heap before GC invocations=16 (full 3):
 PSYoungGen      total 369664K, used 128070K [0x00000000d5f00000, 0x00000000eef80000, 0x0000000100000000)
  eden space 354304K, 31% used [0x00000000d5f00000,0x00000000dcd8abf8,0x00000000eb900000)
  from space 15360K, 96% used [0x00000000ee080000,0x00000000eef06fa0,0x00000000eef80000)
  to   space 18432K, 0% used [0x00000000ecb80000,0x00000000ecb80000,0x00000000edd80000)
 ParOldGen       total 120320K, used 28658K [0x0000000081c00000, 0x0000000089180000, 0x00000000d5f00000)
  object space 120320K, 23% used [0x0000000081c00000,0x00000000837fca30,0x0000000089180000)
 Metaspace       used 69294K, capacity 72626K, committed 72960K, reserved 1112064K
  class space    used 9596K, capacity 10159K, committed 10240K, reserved 1048576K
Event: 3500.354 GC heap after
Heap after GC invocations=16 (full 3):
 PSYoungGen      total 361984K, used 7488K [0x00000000d5f00000, 0x00000000ee100000, 0x0000000100000000)
  eden space 354304K, 0% used [0x00000000d5f00000,0x00000000d5f00000,0x00000000eb900000)
  from space 7680K, 97% used [0x00000000ecb80000,0x00000000ed2d01d8,0x00000000ed300000)
  to   space 14336K, 0% used [0x00000000ed300000,0x00000000ed300000,0x00000000ee100000)
 ParOldGen       total 120320K, used 28666K [0x0000000081c00000, 0x0000000089180000, 0x00000000d5f00000)
  object space 120320K, 23% used [0x0000000081c00000,0x00000000837fea30,0x0000000089180000)
 Metaspace       used 69294K, capacity 72626K, committed 72960K, reserved 1112064K
  class space    used 9596K, capacity 10159K, committed 10240K, reserved 1048576K
}
Event: 3500.368 GC heap before
{Heap before GC invocations=17 (full 4):
 PSYoungGen      total 361984K, used 7488K [0x00000000d5f00000, 0x00000000ee100000, 0x0000000100000000)
  eden space 354304K, 0% used [0x00000000d5f00000,0x00000000d5f00000,0x00000000eb900000)
  from space 7680K, 97% used [0x00000000ecb80000,0x00000000ed2d01d8,0x00000000ed300000)
  to   space 14336K, 0% used [0x00000000ed300000,0x00000000ed300000,0x00000000ee100000)
 ParOldGen       total 120320K, used 28666K [0x0000000081c00000, 0x0000000089180000, 0x00000000d5f00000)
  object space 120320K, 23% used [0x0000000081c00000,0x00000000837fea30,0x0000000089180000)
 Metaspace       used 69294K, capacity 72626K, committed 72960K, reserved 1112064K
  class space    used 9596K, capacity 10159K, committed 10240K, reserved 1048576K
Event: 3505.123 GC heap after
Heap after GC invocations=17 (full 4):
 PSYoungGen      total 361984K, used 0K [0x00000000d5f00000, 0x00000000ee100000, 0x0000000100000000)
  eden space 354304K, 0% used [0x00000000d5f00000,0x00000000d5f00000,0x00000000eb900000)
  from space 7680K, 0% used [0x00000000ecb80000,0x00000000ecb80000,0x00000000ed300000)
  to   space 14336K, 0% used [0x00000000ed300000,0x00000000ed300000,0x00000000ee100000)
 ParOldGen       total 120320K, used 24709K [0x0000000081c00000, 0x0000000089180000, 0x00000000d5f00000)
  object space 120320K, 20% used [0x0000000081c00000,0x0000000083421720,0x0000000089180000)
 Metaspace       used 69134K, capacity 72370K, committed 72960K, reserved 1112064K
  class space    used 9570K, capacity 10113K, committed 10240K, reserved 1048576K
}
Event: 5477.513 GC heap before
{Heap before GC invocations=18 (full 4):
 PSYoungGen      total 361984K, used 354304K [0x00000000d5f00000, 0x00000000ee100000, 0x0000000100000000)
  eden space 354304K, 100% used [0x00000000d5f00000,0x00000000eb900000,0x00000000eb900000)
  from space 7680K, 0% used [0x00000000ecb80000,0x00000000ecb80000,0x00000000ed300000)
  to   space 14336K, 0% used [0x00000000ed300000,0x00000000ed300000,0x00000000ee100000)
 ParOldGen       total 120320K, used 24709K [0x0000000081c00000, 0x0000000089180000, 0x00000000d5f00000)
  object space 120320K, 20% used [0x0000000081c00000,0x0000000083421720,0x0000000089180000)
 Metaspace       used 70711K, capacity 74274K, committed 74496K, reserved 1114112K
  class space    used 9647K, capacity 10219K, committed 10240K, reserved 1048576K
Event: 5477.808 GC heap after
Heap after GC invocations=18 (full 4):
 PSYoungGen      total 377344K, used 11285K [0x00000000d5f00000, 0x00000000f1a80000, 0x0000000100000000)
  eden space 363008K, 0% used [0x00000000d5f00000,0x00000000d5f00000,0x00000000ec180000)
  from space 14336K, 78% used [0x00000000ed300000,0x00000000ede05508,0x00000000ee100000)
  to   space 17920K, 0% used [0x00000000ec180000,0x00000000ec180000,0x00000000ed300000)
 ParOldGen       total 120320K, used 24717K [0x0000000081c00000, 0x0000000089180000, 0x00000000d5f00000)
  object space 120320K, 20% used [0x0000000081c00000,0x0000000083423720,0x0000000089180000)
 Metaspace       used 70711K, capacity 74274K, committed 74496K, reserved 1114112K
  class space    used 9647K, capacity 10219K, committed 10240K, reserved 1048576K
}

