# JRE version: Java(TM) SE Runtime Environment (8.0_241-b07) (build 1.8.0_241-b07)
# Java VM: Java HotSpot(TM) 64-Bit Server VM (25.241-b07 mixed mode windows-amd64 compressed oops)
Heap:
 PSYoungGen      total 371712K, used 30576K [0x00000000d5f00000, 0x00000000eed80000, 0x0000000100000000)
  eden space 355328K, 3% used [0x00000000d5f00000,0x00000000d6cded98,0x00000000eba00000)
  from space 16384K, 99% used [0x00000000edd80000,0x00000000eed7d5b8,0x00000000eed80000)
  to   space 19456K, 0% used [0x00000000ec780000,0x00000000ec780000,0x00000000eda80000)
 ParOldGen       total 114176K, used 29665K [0x0000000081c00000, 0x0000000088b80000, 0x00000000d5f00000)
  object space 114176K, 25% used [0x0000000081c00000,0x00000000838f85e8,0x0000000088b80000)
 Metaspace       used 70775K, capacity 74119K, committed 74368K, reserved 1114112K
  class space    used 9789K, capacity 10361K, committed 10368K, reserved 1048576K
GC Heap History (10 events):
Event: 9.260 GC heap before
{Heap before GC invocations=11 (full 2):
 PSYoungGen      total 228352K, used 9778K [0x00000000d5f00000, 0x00000000e9080000, 0x0000000100000000)
  eden space 215552K, 0% used [0x00000000d5f00000,0x00000000d5f00000,0x00000000e3180000)
  from space 12800K, 76% used [0x00000000e3180000,0x00000000e3b0ca98,0x00000000e3e00000)
  to   space 13312K, 0% used [0x00000000e8380000,0x00000000e8380000,0x00000000e9080000)
 ParOldGen       total 54272K, used 8493K [0x0000000081c00000, 0x0000000085100000, 0x00000000d5f00000)
  object space 54272K, 15% used [0x0000000081c00000,0x000000008244b4b8,0x0000000085100000)
 Metaspace       used 33644K, capacity 35432K, committed 35496K, reserved 1079296K
  class space    used 4507K, capacity 4863K, committed 4864K, reserved 1048576K
Event: 9.325 GC heap after
Heap after GC invocations=11 (full 2):
 PSYoungGen      total 228352K, used 0K [0x00000000d5f00000, 0x00000000e9080000, 0x0000000100000000)
  eden space 215552K, 0% used [0x00000000d5f00000,0x00000000d5f00000,0x00000000e3180000)
  from space 12800K, 0% used [0x00000000e3180000,0x00000000e3180000,0x00000000e3e00000)
  to   space 13312K, 0% used [0x00000000e8380000,0x00000000e8380000,0x00000000e9080000)
 ParOldGen       total 78848K, used 14474K [0x0000000081c00000, 0x0000000086900000, 0x00000000d5f00000)
  object space 78848K, 18% used [0x0000000081c00000,0x0000000082a228a8,0x0000000086900000)
 Metaspace       used 33644K, capacity 35432K, committed 35496K, reserved 1079296K
  class space    used 4507K, capacity 4863K, committed 4864K, reserved 1048576K
}
Event: 14.444 GC heap before
{Heap before GC invocations=12 (full 2):
 PSYoungGen      total 228352K, used 215552K [0x00000000d5f00000, 0x00000000e9080000, 0x0000000100000000)
  eden space 215552K, 100% used [0x00000000d5f00000,0x00000000e3180000,0x00000000e3180000)
  from space 12800K, 0% used [0x00000000e3180000,0x00000000e3180000,0x00000000e3e00000)
  to   space 13312K, 0% used [0x00000000e8380000,0x00000000e8380000,0x00000000e9080000)
 ParOldGen       total 78848K, used 14474K [0x0000000081c00000, 0x0000000086900000, 0x00000000d5f00000)
  object space 78848K, 18% used [0x0000000081c00000,0x0000000082a228a8,0x0000000086900000)
 Metaspace       used 49389K, capacity 51462K, committed 51712K, reserved 1093632K
  class space    used 6725K, capacity 7118K, committed 7168K, reserved 1048576K
Event: 14.472 GC heap after
Heap after GC invocations=12 (full 2):
 PSYoungGen      total 295424K, used 13306K [0x00000000d5f00000, 0x00000000e9c80000, 0x0000000100000000)
  eden space 282112K, 0% used [0x00000000d5f00000,0x00000000d5f00000,0x00000000e7280000)
  from space 13312K, 99% used [0x00000000e8380000,0x00000000e907e948,0x00000000e9080000)
  to   space 17408K, 0% used [0x00000000e7280000,0x00000000e7280000,0x00000000e8380000)
 ParOldGen       total 78848K, used 21058K [0x0000000081c00000, 0x0000000086900000, 0x00000000d5f00000)
  object space 78848K, 26% used [0x0000000081c00000,0x0000000083090b20,0x0000000086900000)
 Metaspace       used 49389K, capacity 51462K, committed 51712K, reserved 1093632K
  class space    used 6725K, capacity 7118K, committed 7168K, reserved 1048576K
}
Event: 16.745 GC heap before
{Heap before GC invocations=13 (full 2):
 PSYoungGen      total 295424K, used 89328K [0x00000000d5f00000, 0x00000000e9c80000, 0x0000000100000000)
  eden space 282112K, 26% used [0x00000000d5f00000,0x00000000da93d8a8,0x00000000e7280000)
  from space 13312K, 99% used [0x00000000e8380000,0x00000000e907e948,0x00000000e9080000)
  to   space 17408K, 0% used [0x00000000e7280000,0x00000000e7280000,0x00000000e8380000)
 ParOldGen       total 78848K, used 21058K [0x0000000081c00000, 0x0000000086900000, 0x00000000d5f00000)
  object space 78848K, 26% used [0x0000000081c00000,0x0000000083090b20,0x0000000086900000)
 Metaspace       used 56438K, capacity 59151K, committed 59160K, reserved 1099776K
  class space    used 7819K, capacity 8311K, committed 8320K, reserved 1048576K
Event: 16.776 GC heap after
Heap after GC invocations=13 (full 2):
 PSYoungGen      total 299520K, used 8327K [0x00000000d5f00000, 0x00000000eed80000, 0x0000000100000000)
  eden space 282112K, 0% used [0x00000000d5f00000,0x00000000d5f00000,0x00000000e7280000)
  from space 17408K, 47% used [0x00000000e7280000,0x00000000e7aa1f50,0x00000000e8380000)
  to   space 16384K, 0% used [0x00000000edd80000,0x00000000edd80000,0x00000000eed80000)
 ParOldGen       total 78848K, used 29609K [0x0000000081c00000, 0x0000000086900000, 0x00000000d5f00000)
  object space 78848K, 37% used [0x0000000081c00000,0x00000000838ea4c0,0x0000000086900000)
 Metaspace       used 56438K, capacity 59151K, committed 59160K, reserved 1099776K
  class space    used 7819K, capacity 8311K, committed 8320K, reserved 1048576K
}
Event: 16.776 GC heap before
{Heap before GC invocations=14 (full 3):
 PSYoungGen      total 299520K, used 8327K [0x00000000d5f00000, 0x00000000eed80000, 0x0000000100000000)
  eden space 282112K, 0% used [0x00000000d5f00000,0x00000000d5f00000,0x00000000e7280000)
  from space 17408K, 47% used [0x00000000e7280000,0x00000000e7aa1f50,0x00000000e8380000)
  to   space 16384K, 0% used [0x00000000edd80000,0x00000000edd80000,0x00000000eed80000)
 ParOldGen       total 78848K, used 29609K [0x0000000081c00000, 0x0000000086900000, 0x00000000d5f00000)
  object space 78848K, 37% used [0x0000000081c00000,0x00000000838ea4c0,0x0000000086900000)
 Metaspace       used 56438K, capacity 59151K, committed 59160K, reserved 1099776K
  class space    used 7819K, capacity 8311K, committed 8320K, reserved 1048576K
Event: 16.980 GC heap after
Heap after GC invocations=14 (full 3):
 PSYoungGen      total 299520K, used 0K [0x00000000d5f00000, 0x00000000eed80000, 0x0000000100000000)
  eden space 282112K, 0% used [0x00000000d5f00000,0x00000000d5f00000,0x00000000e7280000)
  from space 17408K, 0% used [0x00000000e7280000,0x00000000e7280000,0x00000000e8380000)
  to   space 16384K, 0% used [0x00000000edd80000,0x00000000edd80000,0x00000000eed80000)
 ParOldGen       total 114176K, used 27788K [0x0000000081c00000, 0x0000000088b80000, 0x00000000d5f00000)
  object space 114176K, 24% used [0x0000000081c00000,0x0000000083723358,0x0000000088b80000)
 Metaspace       used 56430K, capacity 59139K, committed 59160K, reserved 1099776K
  class space    used 7818K, capacity 8309K, committed 8320K, reserved 1048576K
}
Event: 952.409 GC heap before
{Heap before GC invocations=15 (full 3):
 PSYoungGen      total 299520K, used 282112K [0x00000000d5f00000, 0x00000000eed80000, 0x0000000100000000)
  eden space 282112K, 100% used [0x00000000d5f00000,0x00000000e7280000,0x00000000e7280000)
  from space 17408K, 0% used [0x00000000e7280000,0x00000000e7280000,0x00000000e8380000)
  to   space 16384K, 0% used [0x00000000edd80000,0x00000000edd80000,0x00000000eed80000)
 ParOldGen       total 114176K, used 27788K [0x0000000081c00000, 0x0000000088b80000, 0x00000000d5f00000)
  object space 114176K, 24% used [0x0000000081c00000,0x0000000083723358,0x0000000088b80000)
 Metaspace       used 70766K, capacity 74119K, committed 74368K, reserved 1114112K
  class space    used 9789K, capacity 10361K, committed 10368K, reserved 1048576K
Event: 952.576 GC heap after
Heap after GC invocations=15 (full 3):
 PSYoungGen      total 371712K, used 16373K [0x00000000d5f00000, 0x00000000eed80000, 0x0000000100000000)
  eden space 355328K, 0% used [0x00000000d5f00000,0x00000000d5f00000,0x00000000eba00000)
  from space 16384K, 99% used [0x00000000edd80000,0x00000000eed7d5b8,0x00000000eed80000)
  to   space 19456K, 0% used [0x00000000ec780000,0x00000000ec780000,0x00000000eda80000)
 ParOldGen       total 114176K, used 29665K [0x0000000081c00000, 0x0000000088b80000, 0x00000000d5f00000)
  object space 114176K, 25% used [0x0000000081c00000,0x00000000838f85e8,0x0000000088b80000)
 Metaspace       used 70766K, capacity 74119K, committed 74368K, reserved 1114112K
  class space    used 9789K, capacity 10361K, committed 10368K, reserved 1048576K
}

